<?xml version="1.0" encoding="UTF-8"?>
<coverage generated="1730360399145" clover="3.2.0">
  <project timestamp="1730360399146" name="All files">
    <metrics statements="219" coveredstatements="210" conditionals="57" coveredconditionals="56" methods="14" coveredmethods="14" elements="290" coveredelements="280" complexity="0" loc="219" ncloc="219" packages="4" files="11" classes="11"/>
    <package name="challenge-5">
      <metrics statements="19" coveredstatements="19" conditionals="1" coveredconditionals="1" methods="1" coveredmethods="1"/>
      <file name="server.js" path="C:\binar-academy\chapter-5\challenge-5\server.js">
        <metrics statements="19" coveredstatements="19" conditionals="1" coveredconditionals="1" methods="1" coveredmethods="1"/>
        <line num="1" count="1" type="stmt"/>
        <line num="3" count="1" type="stmt"/>
        <line num="4" count="1" type="stmt"/>
        <line num="5" count="1" type="stmt"/>
        <line num="6" count="1" type="stmt"/>
        <line num="7" count="1" type="stmt"/>
        <line num="8" count="1" type="stmt"/>
        <line num="9" count="1" type="stmt"/>
        <line num="10" count="1" type="stmt"/>
        <line num="12" count="1" type="cond" truecount="1" falsecount="0"/>
        <line num="14" count="1" type="stmt"/>
        <line num="15" count="1" type="stmt"/>
        <line num="17" count="1" type="stmt"/>
        <line num="18" count="1" type="stmt"/>
        <line num="21" count="1" type="stmt"/>
        <line num="23" count="1" type="stmt"/>
        <line num="25" count="1" type="stmt"/>
        <line num="26" count="1" type="stmt"/>
        <line num="29" count="1" type="stmt"/>
      </file>
    </package>
    <package name="challenge-5.controllers">
      <metrics statements="152" coveredstatements="143" conditionals="56" coveredconditionals="55" methods="12" coveredmethods="12"/>
      <file name="accounts.js" path="C:\binar-academy\chapter-5\challenge-5\controllers\accounts.js">
        <metrics statements="36" coveredstatements="34" conditionals="14" coveredconditionals="14" methods="3" coveredmethods="3"/>
        <line num="1" count="1" type="stmt"/>
        <line num="2" count="1" type="stmt"/>
        <line num="4" count="1" type="stmt"/>
        <line num="5" count="7" type="stmt"/>
        <line num="11" count="7" type="stmt"/>
        <line num="13" count="7" type="cond" truecount="2" falsecount="0"/>
        <line num="14" count="1" type="stmt"/>
        <line num="20" count="6" type="cond" truecount="2" falsecount="0"/>
        <line num="21" count="1" type="stmt"/>
        <line num="27" count="5" type="stmt"/>
        <line num="33" count="5" type="cond" truecount="2" falsecount="0"/>
        <line num="34" count="1" type="stmt"/>
        <line num="40" count="4" type="stmt"/>
        <line num="46" count="4" type="cond" truecount="2" falsecount="0"/>
        <line num="47" count="1" type="stmt"/>
        <line num="53" count="3" type="stmt"/>
        <line num="62" count="2" type="stmt"/>
        <line num="72" count="1" type="stmt"/>
        <line num="79" count="1" type="stmt"/>
        <line num="80" count="2" type="stmt"/>
        <line num="81" count="2" type="stmt"/>
        <line num="82" count="2" type="cond" truecount="2" falsecount="0"/>
        <line num="83" count="1" type="stmt"/>
        <line num="90" count="1" type="stmt"/>
        <line num="97" count="0" type="stmt"/>
        <line num="104" count="1" type="stmt"/>
        <line num="105" count="3" type="stmt"/>
        <line num="106" count="3" type="stmt"/>
        <line num="108" count="3" type="cond" truecount="2" falsecount="0"/>
        <line num="109" count="1" type="stmt"/>
        <line num="115" count="2" type="stmt"/>
        <line num="121" count="2" type="cond" truecount="2" falsecount="0"/>
        <line num="122" count="1" type="stmt"/>
        <line num="128" count="1" type="stmt"/>
        <line num="135" count="0" type="stmt"/>
        <line num="142" count="1" type="stmt"/>
      </file>
      <file name="auth.js" path="C:\binar-academy\chapter-5\challenge-5\controllers\auth.js">
        <metrics statements="39" coveredstatements="37" conditionals="12" coveredconditionals="11" methods="3" coveredmethods="3"/>
        <line num="1" count="1" type="stmt"/>
        <line num="2" count="1" type="stmt"/>
        <line num="3" count="1" type="stmt"/>
        <line num="4" count="1" type="stmt"/>
        <line num="5" count="1" type="stmt"/>
        <line num="7" count="1" type="stmt"/>
        <line num="8" count="4" type="stmt"/>
        <line num="16" count="4" type="stmt"/>
        <line num="18" count="4" type="stmt"/>
        <line num="22" count="4" type="cond" truecount="2" falsecount="0"/>
        <line num="23" count="1" type="stmt"/>
        <line num="29" count="3" type="stmt"/>
        <line num="35" count="3" type="cond" truecount="2" falsecount="0"/>
        <line num="36" count="1" type="stmt"/>
        <line num="42" count="2" type="stmt"/>
        <line num="48" count="2" type="stmt"/>
        <line num="63" count="1" type="stmt"/>
        <line num="75" count="1" type="stmt"/>
        <line num="82" count="1" type="stmt"/>
        <line num="83" count="5" type="stmt"/>
        <line num="84" count="5" type="stmt"/>
        <line num="85" count="5" type="stmt"/>
        <line num="89" count="5" type="cond" truecount="2" falsecount="0"/>
        <line num="90" count="1" type="stmt"/>
        <line num="96" count="4" type="stmt"/>
        <line num="102" count="4" type="cond" truecount="4" falsecount="0"/>
        <line num="103" count="2" type="stmt"/>
        <line num="109" count="1" type="stmt"/>
        <line num="115" count="1" type="stmt"/>
        <line num="117" count="1" type="stmt"/>
        <line num="128" count="1" type="stmt"/>
        <line num="135" count="1" type="stmt"/>
        <line num="136" count="1" type="stmt"/>
        <line num="137" count="1" type="stmt"/>
        <line num="156" count="1" type="cond" truecount="1" falsecount="1"/>
        <line num="157" count="0" type="stmt"/>
        <line num="160" count="1" type="stmt"/>
        <line num="162" count="0" type="stmt"/>
        <line num="166" count="1" type="stmt"/>
      </file>
      <file name="transactions.js" path="C:\binar-academy\chapter-5\challenge-5\controllers\transactions.js">
        <metrics statements="42" coveredstatements="39" conditionals="20" coveredconditionals="20" methods="3" coveredmethods="3"/>
        <line num="1" count="1" type="stmt"/>
        <line num="2" count="1" type="stmt"/>
        <line num="4" count="1" type="stmt"/>
        <line num="5" count="8" type="stmt"/>
        <line num="10" count="8" type="stmt"/>
        <line num="12" count="8" type="cond" truecount="2" falsecount="0"/>
        <line num="13" count="1" type="stmt"/>
        <line num="19" count="7" type="cond" truecount="2" falsecount="0"/>
        <line num="20" count="1" type="stmt"/>
        <line num="26" count="6" type="cond" truecount="4" falsecount="0"/>
        <line num="27" count="2" type="stmt"/>
        <line num="33" count="4" type="stmt"/>
        <line num="39" count="4" type="cond" truecount="2" falsecount="0"/>
        <line num="40" count="1" type="stmt"/>
        <line num="46" count="3" type="stmt"/>
        <line num="52" count="3" type="cond" truecount="2" falsecount="0"/>
        <line num="53" count="1" type="stmt"/>
        <line num="59" count="2" type="cond" truecount="2" falsecount="0"/>
        <line num="60" count="1" type="stmt"/>
        <line num="66" count="1" type="stmt"/>
        <line num="75" count="1" type="stmt"/>
        <line num="84" count="1" type="stmt"/>
        <line num="92" count="1" type="stmt"/>
        <line num="102" count="0" type="stmt"/>
        <line num="109" count="1" type="stmt"/>
        <line num="110" count="2" type="stmt"/>
        <line num="111" count="2" type="stmt"/>
        <line num="113" count="2" type="cond" truecount="2" falsecount="0"/>
        <line num="114" count="1" type="stmt"/>
        <line num="121" count="1" type="stmt"/>
        <line num="128" count="0" type="stmt"/>
        <line num="135" count="1" type="stmt"/>
        <line num="136" count="3" type="stmt"/>
        <line num="137" count="3" type="stmt"/>
        <line num="139" count="3" type="cond" truecount="2" falsecount="0"/>
        <line num="140" count="1" type="stmt"/>
        <line num="146" count="2" type="stmt"/>
        <line num="152" count="2" type="cond" truecount="2" falsecount="0"/>
        <line num="153" count="1" type="stmt"/>
        <line num="159" count="1" type="stmt"/>
        <line num="166" count="0" type="stmt"/>
        <line num="173" count="1" type="stmt"/>
      </file>
      <file name="users.js" path="C:\binar-academy\chapter-5\challenge-5\controllers\users.js">
        <metrics statements="35" coveredstatements="33" conditionals="10" coveredconditionals="10" methods="3" coveredmethods="3"/>
        <line num="1" count="1" type="stmt"/>
        <line num="2" count="1" type="stmt"/>
        <line num="3" count="1" type="stmt"/>
        <line num="5" count="1" type="stmt"/>
        <line num="6" count="5" type="stmt"/>
        <line num="14" count="5" type="stmt"/>
        <line num="16" count="5" type="stmt"/>
        <line num="20" count="5" type="cond" truecount="2" falsecount="0"/>
        <line num="21" count="1" type="stmt"/>
        <line num="27" count="4" type="stmt"/>
        <line num="33" count="4" type="cond" truecount="2" falsecount="0"/>
        <line num="34" count="1" type="stmt"/>
        <line num="40" count="3" type="stmt"/>
        <line num="46" count="3" type="stmt"/>
        <line num="61" count="2" type="stmt"/>
        <line num="73" count="1" type="stmt"/>
        <line num="80" count="1" type="stmt"/>
        <line num="81" count="2" type="stmt"/>
        <line num="82" count="2" type="stmt"/>
        <line num="90" count="2" type="cond" truecount="2" falsecount="0"/>
        <line num="91" count="1" type="stmt"/>
        <line num="98" count="1" type="stmt"/>
        <line num="105" count="0" type="stmt"/>
        <line num="112" count="1" type="stmt"/>
        <line num="113" count="3" type="stmt"/>
        <line num="114" count="3" type="stmt"/>
        <line num="117" count="3" type="cond" truecount="2" falsecount="0"/>
        <line num="118" count="1" type="stmt"/>
        <line num="124" count="2" type="stmt"/>
        <line num="135" count="2" type="cond" truecount="2" falsecount="0"/>
        <line num="136" count="1" type="stmt"/>
        <line num="142" count="1" type="stmt"/>
        <line num="153" count="1" type="stmt"/>
        <line num="160" count="0" type="stmt"/>
        <line num="167" count="1" type="stmt"/>
      </file>
    </package>
    <package name="challenge-5.lib">
      <metrics statements="7" coveredstatements="7" conditionals="0" coveredconditionals="0" methods="0" coveredmethods="0"/>
      <file name="passport.js" path="C:\binar-academy\chapter-5\challenge-5\lib\passport.js">
        <metrics statements="7" coveredstatements="7" conditionals="0" coveredconditionals="0" methods="0" coveredmethods="0"/>
        <line num="1" count="1" type="stmt"/>
        <line num="2" count="1" type="stmt"/>
        <line num="3" count="1" type="stmt"/>
        <line num="4" count="1" type="stmt"/>
        <line num="5" count="1" type="stmt"/>
        <line num="7" count="1" type="stmt"/>
        <line num="12" count="1" type="stmt"/>
      </file>
    </package>
    <package name="challenge-5.routes">
      <metrics statements="41" coveredstatements="41" conditionals="0" coveredconditionals="0" methods="1" coveredmethods="1"/>
      <file name="accounts.js" path="C:\binar-academy\chapter-5\challenge-5\routes\accounts.js">
        <metrics statements="7" coveredstatements="7" conditionals="0" coveredconditionals="0" methods="0" coveredmethods="0"/>
        <line num="1" count="1" type="stmt"/>
        <line num="6" count="1" type="stmt"/>
        <line num="8" count="1" type="stmt"/>
        <line num="14" count="1" type="stmt"/>
        <line num="15" count="1" type="stmt"/>
        <line num="16" count="1" type="stmt"/>
        <line num="18" count="1" type="stmt"/>
      </file>
      <file name="auth.js" path="C:\binar-academy\chapter-5\challenge-5\routes\auth.js">
        <metrics statements="9" coveredstatements="9" conditionals="0" coveredconditionals="0" methods="1" coveredmethods="1"/>
        <line num="1" count="1" type="stmt"/>
        <line num="2" count="1" type="stmt"/>
        <line num="3" count="1" type="stmt"/>
        <line num="4" count="1" type="stmt"/>
        <line num="6" count="1" type="stmt"/>
        <line num="7" count="1" type="stmt"/>
        <line num="8" count="1" type="stmt"/>
        <line num="9" count="1" type="stmt"/>
        <line num="18" count="1" type="stmt"/>
      </file>
      <file name="index.js" path="C:\binar-academy\chapter-5\challenge-5\routes\index.js">
        <metrics statements="11" coveredstatements="11" conditionals="0" coveredconditionals="0" methods="0" coveredmethods="0"/>
        <line num="1" count="1" type="stmt"/>
        <line num="2" count="1" type="stmt"/>
        <line num="4" count="1" type="stmt"/>
        <line num="5" count="1" type="stmt"/>
        <line num="6" count="1" type="stmt"/>
        <line num="7" count="1" type="stmt"/>
        <line num="9" count="1" type="stmt"/>
        <line num="10" count="1" type="stmt"/>
        <line num="11" count="1" type="stmt"/>
        <line num="12" count="1" type="stmt"/>
        <line num="14" count="1" type="stmt"/>
      </file>
      <file name="transactions.js" path="C:\binar-academy\chapter-5\challenge-5\routes\transactions.js">
        <metrics statements="7" coveredstatements="7" conditionals="0" coveredconditionals="0" methods="0" coveredmethods="0"/>
        <line num="1" count="1" type="stmt"/>
        <line num="6" count="1" type="stmt"/>
        <line num="8" count="1" type="stmt"/>
        <line num="14" count="1" type="stmt"/>
        <line num="15" count="1" type="stmt"/>
        <line num="16" count="1" type="stmt"/>
        <line num="18" count="1" type="stmt"/>
      </file>
      <file name="users.js" path="C:\binar-academy\chapter-5\challenge-5\routes\users.js">
        <metrics statements="7" coveredstatements="7" conditionals="0" coveredconditionals="0" methods="0" coveredmethods="0"/>
        <line num="1" count="1" type="stmt"/>
        <line num="6" count="1" type="stmt"/>
        <line num="8" count="1" type="stmt"/>
        <line num="14" count="1" type="stmt"/>
        <line num="15" count="1" type="stmt"/>
        <line num="16" count="1" type="stmt"/>
        <line num="18" count="1" type="stmt"/>
      </file>
    </package>
  </project>
</coverage>
