{"C:\\binar-academy\\chapter-5\\challenge-5\\server.js": {"path":"C:\\binar-academy\\chapter-5\\challenge-5\\server.js","statementMap":{"0":{"start":{"line":1,"column":0},"end":{"line":1,"column":27}},"1":{"start":{"line":3,"column":16},"end":{"line":3,"column":34}},"2":{"start":{"line":4,"column":12},"end":{"line":4,"column":21}},"3":{"start":{"line":5,"column":15},"end":{"line":5,"column":40}},"4":{"start":{"line":6,"column":15},"end":{"line":6,"column":32}},"5":{"start":{"line":7,"column":17},"end":{"line":7,"column":42}},"6":{"start":{"line":8,"column":13},"end":{"line":8,"column":28}},"7":{"start":{"line":9,"column":20},"end":{"line":9,"column":45}},"8":{"start":{"line":10,"column":18},"end":{"line":10,"column":47}},"9":{"start":{"line":12,"column":24},"end":{"line":12,"column":35}},"10":{"start":{"line":14,"column":0},"end":{"line":14,"column":53}},"11":{"start":{"line":15,"column":0},"end":{"line":15,"column":64}},"12":{"start":{"line":17,"column":0},"end":{"line":17,"column":23}},"13":{"start":{"line":18,"column":0},"end":{"line":18,"column":24}},"14":{"start":{"line":21,"column":0},"end":{"line":21,"column":31}},"15":{"start":{"line":23,"column":0},"end":{"line":23,"column":16}},"16":{"start":{"line":25,"column":0},"end":{"line":27,"column":3}},"17":{"start":{"line":26,"column":4},"end":{"line":26,"column":49}},"18":{"start":{"line":29,"column":0},"end":{"line":29,"column":21}}},"fnMap":{"0":{"name":"(anonymous_0)","decl":{"start":{"line":25,"column":17},"end":{"line":25,"column":18}},"loc":{"start":{"line":25,"column":23},"end":{"line":27,"column":1}},"line":25}},"branchMap":{"0":{"loc":{"start":{"line":12,"column":8},"end":{"line":12,"column":19}},"type":"default-arg","locations":[{"start":{"line":12,"column":15},"end":{"line":12,"column":19}}],"line":12}},"s":{"0":1,"1":1,"2":1,"3":1,"4":1,"5":1,"6":1,"7":1,"8":1,"9":1,"10":1,"11":1,"12":1,"13":1,"14":1,"15":1,"16":1,"17":1,"18":1},"f":{"0":1},"b":{"0":[1]},"_coverageSchema":"1a1c01bbd47fc00a2c39e90264f33305004495a9","hash":"b91219c9aa9fdcd8eba20ec73d486e3ec798d1c0"}
,"C:\\binar-academy\\chapter-5\\challenge-5\\controllers\\accounts.js": {"path":"C:\\binar-academy\\chapter-5\\challenge-5\\controllers\\accounts.js","statementMap":{"0":{"start":{"line":1,"column":25},"end":{"line":1,"column":50}},"1":{"start":{"line":2,"column":15},"end":{"line":2,"column":33}},"2":{"start":{"line":4,"column":22},"end":{"line":77,"column":1}},"3":{"start":{"line":5,"column":4},"end":{"line":76,"column":5}},"4":{"start":{"line":11,"column":12},"end":{"line":11,"column":20}},"5":{"start":{"line":13,"column":8},"end":{"line":18,"column":9}},"6":{"start":{"line":14,"column":12},"end":{"line":17,"column":15}},"7":{"start":{"line":20,"column":8},"end":{"line":25,"column":9}},"8":{"start":{"line":21,"column":12},"end":{"line":24,"column":15}},"9":{"start":{"line":27,"column":25},"end":{"line":31,"column":10}},"10":{"start":{"line":33,"column":8},"end":{"line":38,"column":9}},"11":{"start":{"line":34,"column":12},"end":{"line":37,"column":15}},"12":{"start":{"line":40,"column":29},"end":{"line":44,"column":10}},"13":{"start":{"line":46,"column":8},"end":{"line":51,"column":9}},"14":{"start":{"line":47,"column":12},"end":{"line":50,"column":15}},"15":{"start":{"line":53,"column":28},"end":{"line":60,"column":10}},"16":{"start":{"line":62,"column":8},"end":{"line":68,"column":11}},"17":{"start":{"line":72,"column":8},"end":{"line":75,"column":11}},"18":{"start":{"line":79,"column":20},"end":{"line":102,"column":1}},"19":{"start":{"line":80,"column":4},"end":{"line":101,"column":5}},"20":{"start":{"line":81,"column":25},"end":{"line":81,"column":60}},"21":{"start":{"line":82,"column":8},"end":{"line":88,"column":9}},"22":{"start":{"line":83,"column":12},"end":{"line":87,"column":15}},"23":{"start":{"line":90,"column":8},"end":{"line":93,"column":11}},"24":{"start":{"line":97,"column":8},"end":{"line":100,"column":11}},"25":{"start":{"line":104,"column":23},"end":{"line":140,"column":1}},"26":{"start":{"line":105,"column":4},"end":{"line":139,"column":5}},"27":{"start":{"line":106,"column":23},"end":{"line":106,"column":33}},"28":{"start":{"line":108,"column":8},"end":{"line":113,"column":9}},"29":{"start":{"line":109,"column":12},"end":{"line":112,"column":15}},"30":{"start":{"line":115,"column":28},"end":{"line":119,"column":10}},"31":{"start":{"line":121,"column":8},"end":{"line":126,"column":9}},"32":{"start":{"line":122,"column":12},"end":{"line":125,"column":15}},"33":{"start":{"line":128,"column":8},"end":{"line":131,"column":11}},"34":{"start":{"line":135,"column":8},"end":{"line":138,"column":11}},"35":{"start":{"line":142,"column":0},"end":{"line":146,"column":2}}},"fnMap":{"0":{"name":"(anonymous_0)","decl":{"start":{"line":4,"column":22},"end":{"line":4,"column":23}},"loc":{"start":{"line":4,"column":42},"end":{"line":77,"column":1}},"line":4},"1":{"name":"(anonymous_1)","decl":{"start":{"line":79,"column":20},"end":{"line":79,"column":21}},"loc":{"start":{"line":79,"column":40},"end":{"line":102,"column":1}},"line":79},"2":{"name":"(anonymous_2)","decl":{"start":{"line":104,"column":23},"end":{"line":104,"column":24}},"loc":{"start":{"line":104,"column":43},"end":{"line":140,"column":1}},"line":104}},"branchMap":{"0":{"loc":{"start":{"line":13,"column":8},"end":{"line":18,"column":9}},"type":"if","locations":[{"start":{"line":13,"column":8},"end":{"line":18,"column":9}},{"start":{},"end":{}}],"line":13},"1":{"loc":{"start":{"line":20,"column":8},"end":{"line":25,"column":9}},"type":"if","locations":[{"start":{"line":20,"column":8},"end":{"line":25,"column":9}},{"start":{},"end":{}}],"line":20},"2":{"loc":{"start":{"line":33,"column":8},"end":{"line":38,"column":9}},"type":"if","locations":[{"start":{"line":33,"column":8},"end":{"line":38,"column":9}},{"start":{},"end":{}}],"line":33},"3":{"loc":{"start":{"line":46,"column":8},"end":{"line":51,"column":9}},"type":"if","locations":[{"start":{"line":46,"column":8},"end":{"line":51,"column":9}},{"start":{},"end":{}}],"line":46},"4":{"loc":{"start":{"line":82,"column":8},"end":{"line":88,"column":9}},"type":"if","locations":[{"start":{"line":82,"column":8},"end":{"line":88,"column":9}},{"start":{},"end":{}}],"line":82},"5":{"loc":{"start":{"line":108,"column":8},"end":{"line":113,"column":9}},"type":"if","locations":[{"start":{"line":108,"column":8},"end":{"line":113,"column":9}},{"start":{},"end":{}}],"line":108},"6":{"loc":{"start":{"line":121,"column":8},"end":{"line":126,"column":9}},"type":"if","locations":[{"start":{"line":121,"column":8},"end":{"line":126,"column":9}},{"start":{},"end":{}}],"line":121}},"s":{"0":1,"1":1,"2":1,"3":7,"4":7,"5":7,"6":1,"7":6,"8":1,"9":5,"10":5,"11":1,"12":4,"13":4,"14":1,"15":3,"16":2,"17":1,"18":1,"19":2,"20":2,"21":2,"22":1,"23":1,"24":0,"25":1,"26":3,"27":3,"28":3,"29":1,"30":2,"31":2,"32":1,"33":1,"34":0,"35":1},"f":{"0":7,"1":2,"2":3},"b":{"0":[1,6],"1":[1,5],"2":[1,4],"3":[1,3],"4":[1,1],"5":[1,2],"6":[1,1]},"_coverageSchema":"1a1c01bbd47fc00a2c39e90264f33305004495a9","hash":"eb98f0e0b4427c695da2614841b14621ddf676b3"}
,"C:\\binar-academy\\chapter-5\\challenge-5\\controllers\\auth.js": {"path":"C:\\binar-academy\\chapter-5\\challenge-5\\controllers\\auth.js","statementMap":{"0":{"start":{"line":1,"column":25},"end":{"line":1,"column":50}},"1":{"start":{"line":2,"column":15},"end":{"line":2,"column":33}},"2":{"start":{"line":3,"column":15},"end":{"line":3,"column":32}},"3":{"start":{"line":4,"column":12},"end":{"line":4,"column":35}},"4":{"start":{"line":5,"column":27},"end":{"line":5,"column":38}},"5":{"start":{"line":7,"column":17},"end":{"line":80,"column":1}},"6":{"start":{"line":8,"column":4},"end":{"line":79,"column":5}},"7":{"start":{"line":16,"column":12},"end":{"line":16,"column":20}},"8":{"start":{"line":18,"column":27},"end":{"line":20,"column":9}},"9":{"start":{"line":22,"column":8},"end":{"line":27,"column":9}},"10":{"start":{"line":23,"column":12},"end":{"line":26,"column":15}},"11":{"start":{"line":29,"column":26},"end":{"line":33,"column":10}},"12":{"start":{"line":35,"column":8},"end":{"line":40,"column":9}},"13":{"start":{"line":36,"column":12},"end":{"line":39,"column":15}},"14":{"start":{"line":42,"column":34},"end":{"line":42,"column":65}},"15":{"start":{"line":48,"column":12},"end":{"line":61,"column":10}},"16":{"start":{"line":63,"column":8},"end":{"line":71,"column":11}},"17":{"start":{"line":75,"column":8},"end":{"line":78,"column":11}},"18":{"start":{"line":82,"column":14},"end":{"line":133,"column":1}},"19":{"start":{"line":83,"column":4},"end":{"line":132,"column":5}},"20":{"start":{"line":84,"column":36},"end":{"line":84,"column":44}},"21":{"start":{"line":85,"column":27},"end":{"line":87,"column":9}},"22":{"start":{"line":89,"column":8},"end":{"line":94,"column":9}},"23":{"start":{"line":90,"column":12},"end":{"line":93,"column":15}},"24":{"start":{"line":96,"column":21},"end":{"line":100,"column":10}},"25":{"start":{"line":102,"column":8},"end":{"line":107,"column":9}},"26":{"start":{"line":103,"column":12},"end":{"line":106,"column":15}},"27":{"start":{"line":109,"column":28},"end":{"line":113,"column":9}},"28":{"start":{"line":115,"column":28},"end":{"line":115,"column":65}},"29":{"start":{"line":117,"column":8},"end":{"line":124,"column":11}},"30":{"start":{"line":128,"column":8},"end":{"line":131,"column":11}},"31":{"start":{"line":135,"column":17},"end":{"line":164,"column":1}},"32":{"start":{"line":136,"column":4},"end":{"line":163,"column":5}},"33":{"start":{"line":137,"column":21},"end":{"line":154,"column":10}},"34":{"start":{"line":156,"column":8},"end":{"line":158,"column":9}},"35":{"start":{"line":157,"column":12},"end":{"line":157,"column":66}},"36":{"start":{"line":160,"column":8},"end":{"line":160,"column":32}},"37":{"start":{"line":162,"column":8},"end":{"line":162,"column":32}},"38":{"start":{"line":166,"column":0},"end":{"line":170,"column":2}}},"fnMap":{"0":{"name":"(anonymous_0)","decl":{"start":{"line":7,"column":17},"end":{"line":7,"column":18}},"loc":{"start":{"line":7,"column":37},"end":{"line":80,"column":1}},"line":7},"1":{"name":"(anonymous_1)","decl":{"start":{"line":82,"column":14},"end":{"line":82,"column":15}},"loc":{"start":{"line":82,"column":34},"end":{"line":133,"column":1}},"line":82},"2":{"name":"(anonymous_2)","decl":{"start":{"line":135,"column":17},"end":{"line":135,"column":18}},"loc":{"start":{"line":135,"column":42},"end":{"line":164,"column":1}},"line":135}},"branchMap":{"0":{"loc":{"start":{"line":22,"column":8},"end":{"line":27,"column":9}},"type":"if","locations":[{"start":{"line":22,"column":8},"end":{"line":27,"column":9}},{"start":{},"end":{}}],"line":22},"1":{"loc":{"start":{"line":35,"column":8},"end":{"line":40,"column":9}},"type":"if","locations":[{"start":{"line":35,"column":8},"end":{"line":40,"column":9}},{"start":{},"end":{}}],"line":35},"2":{"loc":{"start":{"line":89,"column":8},"end":{"line":94,"column":9}},"type":"if","locations":[{"start":{"line":89,"column":8},"end":{"line":94,"column":9}},{"start":{},"end":{}}],"line":89},"3":{"loc":{"start":{"line":102,"column":8},"end":{"line":107,"column":9}},"type":"if","locations":[{"start":{"line":102,"column":8},"end":{"line":107,"column":9}},{"start":{},"end":{}}],"line":102},"4":{"loc":{"start":{"line":102,"column":12},"end":{"line":102,"column":69}},"type":"binary-expr","locations":[{"start":{"line":102,"column":12},"end":{"line":102,"column":17}},{"start":{"line":102,"column":21},"end":{"line":102,"column":69}}],"line":102},"5":{"loc":{"start":{"line":156,"column":8},"end":{"line":158,"column":9}},"type":"if","locations":[{"start":{"line":156,"column":8},"end":{"line":158,"column":9}},{"start":{},"end":{}}],"line":156}},"s":{"0":1,"1":1,"2":1,"3":1,"4":1,"5":1,"6":4,"7":4,"8":4,"9":4,"10":1,"11":3,"12":3,"13":1,"14":2,"15":2,"16":1,"17":1,"18":1,"19":5,"20":5,"21":5,"22":5,"23":1,"24":4,"25":4,"26":2,"27":1,"28":1,"29":1,"30":1,"31":1,"32":1,"33":1,"34":1,"35":0,"36":1,"37":0,"38":1},"f":{"0":4,"1":5,"2":1},"b":{"0":[1,3],"1":[1,2],"2":[1,4],"3":[2,1],"4":[4,3],"5":[0,1]},"_coverageSchema":"1a1c01bbd47fc00a2c39e90264f33305004495a9","hash":"0cbabcd28367ffc02c558dadaef4869b16ccc105"}
,"C:\\binar-academy\\chapter-5\\challenge-5\\controllers\\transactions.js": {"path":"C:\\binar-academy\\chapter-5\\challenge-5\\controllers\\transactions.js","statementMap":{"0":{"start":{"line":1,"column":25},"end":{"line":1,"column":50}},"1":{"start":{"line":2,"column":15},"end":{"line":2,"column":33}},"2":{"start":{"line":4,"column":26},"end":{"line":107,"column":1}},"3":{"start":{"line":5,"column":4},"end":{"line":106,"column":5}},"4":{"start":{"line":10,"column":12},"end":{"line":10,"column":20}},"5":{"start":{"line":12,"column":8},"end":{"line":17,"column":9}},"6":{"start":{"line":13,"column":12},"end":{"line":16,"column":15}},"7":{"start":{"line":19,"column":8},"end":{"line":24,"column":9}},"8":{"start":{"line":20,"column":12},"end":{"line":23,"column":15}},"9":{"start":{"line":26,"column":8},"end":{"line":31,"column":9}},"10":{"start":{"line":27,"column":12},"end":{"line":30,"column":15}},"11":{"start":{"line":33,"column":30},"end":{"line":37,"column":10}},"12":{"start":{"line":39,"column":8},"end":{"line":44,"column":9}},"13":{"start":{"line":40,"column":12},"end":{"line":43,"column":15}},"14":{"start":{"line":46,"column":28},"end":{"line":50,"column":10}},"15":{"start":{"line":52,"column":8},"end":{"line":57,"column":9}},"16":{"start":{"line":53,"column":12},"end":{"line":56,"column":15}},"17":{"start":{"line":59,"column":8},"end":{"line":64,"column":9}},"18":{"start":{"line":60,"column":12},"end":{"line":63,"column":15}},"19":{"start":{"line":66,"column":8},"end":{"line":73,"column":11}},"20":{"start":{"line":75,"column":8},"end":{"line":82,"column":11}},"21":{"start":{"line":84,"column":32},"end":{"line":90,"column":10}},"22":{"start":{"line":92,"column":8},"end":{"line":98,"column":11}},"23":{"start":{"line":102,"column":8},"end":{"line":105,"column":11}},"24":{"start":{"line":109,"column":24},"end":{"line":133,"column":1}},"25":{"start":{"line":110,"column":4},"end":{"line":132,"column":5}},"26":{"start":{"line":111,"column":29},"end":{"line":111,"column":64}},"27":{"start":{"line":113,"column":8},"end":{"line":119,"column":9}},"28":{"start":{"line":114,"column":12},"end":{"line":118,"column":15}},"29":{"start":{"line":121,"column":8},"end":{"line":124,"column":11}},"30":{"start":{"line":128,"column":8},"end":{"line":131,"column":11}},"31":{"start":{"line":135,"column":27},"end":{"line":171,"column":1}},"32":{"start":{"line":136,"column":4},"end":{"line":170,"column":5}},"33":{"start":{"line":137,"column":23},"end":{"line":137,"column":33}},"34":{"start":{"line":139,"column":8},"end":{"line":144,"column":9}},"35":{"start":{"line":140,"column":12},"end":{"line":143,"column":15}},"36":{"start":{"line":146,"column":32},"end":{"line":150,"column":10}},"37":{"start":{"line":152,"column":8},"end":{"line":157,"column":9}},"38":{"start":{"line":153,"column":12},"end":{"line":156,"column":15}},"39":{"start":{"line":159,"column":8},"end":{"line":162,"column":11}},"40":{"start":{"line":166,"column":8},"end":{"line":169,"column":11}},"41":{"start":{"line":173,"column":0},"end":{"line":177,"column":2}}},"fnMap":{"0":{"name":"(anonymous_0)","decl":{"start":{"line":4,"column":26},"end":{"line":4,"column":27}},"loc":{"start":{"line":4,"column":46},"end":{"line":107,"column":1}},"line":4},"1":{"name":"(anonymous_1)","decl":{"start":{"line":109,"column":24},"end":{"line":109,"column":25}},"loc":{"start":{"line":109,"column":44},"end":{"line":133,"column":1}},"line":109},"2":{"name":"(anonymous_2)","decl":{"start":{"line":135,"column":27},"end":{"line":135,"column":28}},"loc":{"start":{"line":135,"column":47},"end":{"line":171,"column":1}},"line":135}},"branchMap":{"0":{"loc":{"start":{"line":12,"column":8},"end":{"line":17,"column":9}},"type":"if","locations":[{"start":{"line":12,"column":8},"end":{"line":17,"column":9}},{"start":{},"end":{}}],"line":12},"1":{"loc":{"start":{"line":19,"column":8},"end":{"line":24,"column":9}},"type":"if","locations":[{"start":{"line":19,"column":8},"end":{"line":24,"column":9}},{"start":{},"end":{}}],"line":19},"2":{"loc":{"start":{"line":26,"column":8},"end":{"line":31,"column":9}},"type":"if","locations":[{"start":{"line":26,"column":8},"end":{"line":31,"column":9}},{"start":{},"end":{}}],"line":26},"3":{"loc":{"start":{"line":26,"column":12},"end":{"line":26,"column":64}},"type":"binary-expr","locations":[{"start":{"line":26,"column":12},"end":{"line":26,"column":37}},{"start":{"line":26,"column":41},"end":{"line":26,"column":64}}],"line":26},"4":{"loc":{"start":{"line":39,"column":8},"end":{"line":44,"column":9}},"type":"if","locations":[{"start":{"line":39,"column":8},"end":{"line":44,"column":9}},{"start":{},"end":{}}],"line":39},"5":{"loc":{"start":{"line":52,"column":8},"end":{"line":57,"column":9}},"type":"if","locations":[{"start":{"line":52,"column":8},"end":{"line":57,"column":9}},{"start":{},"end":{}}],"line":52},"6":{"loc":{"start":{"line":59,"column":8},"end":{"line":64,"column":9}},"type":"if","locations":[{"start":{"line":59,"column":8},"end":{"line":64,"column":9}},{"start":{},"end":{}}],"line":59},"7":{"loc":{"start":{"line":113,"column":8},"end":{"line":119,"column":9}},"type":"if","locations":[{"start":{"line":113,"column":8},"end":{"line":119,"column":9}},{"start":{},"end":{}}],"line":113},"8":{"loc":{"start":{"line":139,"column":8},"end":{"line":144,"column":9}},"type":"if","locations":[{"start":{"line":139,"column":8},"end":{"line":144,"column":9}},{"start":{},"end":{}}],"line":139},"9":{"loc":{"start":{"line":152,"column":8},"end":{"line":157,"column":9}},"type":"if","locations":[{"start":{"line":152,"column":8},"end":{"line":157,"column":9}},{"start":{},"end":{}}],"line":152}},"s":{"0":1,"1":1,"2":1,"3":8,"4":8,"5":8,"6":1,"7":7,"8":1,"9":6,"10":2,"11":4,"12":4,"13":1,"14":3,"15":3,"16":1,"17":2,"18":1,"19":1,"20":1,"21":1,"22":1,"23":0,"24":1,"25":2,"26":2,"27":2,"28":1,"29":1,"30":0,"31":1,"32":3,"33":3,"34":3,"35":1,"36":2,"37":2,"38":1,"39":1,"40":0,"41":1},"f":{"0":8,"1":2,"2":3},"b":{"0":[1,7],"1":[1,6],"2":[2,4],"3":[6,5],"4":[1,3],"5":[1,2],"6":[1,1],"7":[1,1],"8":[1,2],"9":[1,1]},"_coverageSchema":"1a1c01bbd47fc00a2c39e90264f33305004495a9","hash":"1f6a96418604722a6aef9195d2dfcf65d072bafa"}
,"C:\\binar-academy\\chapter-5\\challenge-5\\controllers\\users.js": {"path":"C:\\binar-academy\\chapter-5\\challenge-5\\controllers\\users.js","statementMap":{"0":{"start":{"line":1,"column":25},"end":{"line":1,"column":50}},"1":{"start":{"line":2,"column":15},"end":{"line":2,"column":33}},"2":{"start":{"line":3,"column":15},"end":{"line":3,"column":32}},"3":{"start":{"line":5,"column":19},"end":{"line":78,"column":1}},"4":{"start":{"line":6,"column":4},"end":{"line":77,"column":5}},"5":{"start":{"line":14,"column":12},"end":{"line":14,"column":20}},"6":{"start":{"line":16,"column":27},"end":{"line":18,"column":9}},"7":{"start":{"line":20,"column":8},"end":{"line":25,"column":9}},"8":{"start":{"line":21,"column":12},"end":{"line":24,"column":15}},"9":{"start":{"line":27,"column":26},"end":{"line":31,"column":10}},"10":{"start":{"line":33,"column":8},"end":{"line":38,"column":9}},"11":{"start":{"line":34,"column":12},"end":{"line":37,"column":15}},"12":{"start":{"line":40,"column":34},"end":{"line":40,"column":65}},"13":{"start":{"line":46,"column":12},"end":{"line":59,"column":10}},"14":{"start":{"line":61,"column":8},"end":{"line":69,"column":11}},"15":{"start":{"line":73,"column":8},"end":{"line":76,"column":11}},"16":{"start":{"line":80,"column":17},"end":{"line":110,"column":1}},"17":{"start":{"line":81,"column":4},"end":{"line":109,"column":5}},"18":{"start":{"line":82,"column":22},"end":{"line":88,"column":10}},"19":{"start":{"line":90,"column":8},"end":{"line":96,"column":9}},"20":{"start":{"line":91,"column":12},"end":{"line":95,"column":15}},"21":{"start":{"line":98,"column":8},"end":{"line":101,"column":11}},"22":{"start":{"line":105,"column":8},"end":{"line":108,"column":11}},"23":{"start":{"line":112,"column":20},"end":{"line":165,"column":1}},"24":{"start":{"line":113,"column":4},"end":{"line":164,"column":5}},"25":{"start":{"line":114,"column":23},"end":{"line":114,"column":33}},"26":{"start":{"line":117,"column":8},"end":{"line":122,"column":9}},"27":{"start":{"line":118,"column":12},"end":{"line":121,"column":15}},"28":{"start":{"line":124,"column":25},"end":{"line":133,"column":10}},"29":{"start":{"line":135,"column":8},"end":{"line":140,"column":9}},"30":{"start":{"line":136,"column":12},"end":{"line":139,"column":15}},"31":{"start":{"line":142,"column":28},"end":{"line":151,"column":10}},"32":{"start":{"line":153,"column":8},"end":{"line":156,"column":11}},"33":{"start":{"line":160,"column":8},"end":{"line":163,"column":11}},"34":{"start":{"line":167,"column":0},"end":{"line":171,"column":2}}},"fnMap":{"0":{"name":"(anonymous_0)","decl":{"start":{"line":5,"column":19},"end":{"line":5,"column":20}},"loc":{"start":{"line":5,"column":39},"end":{"line":78,"column":1}},"line":5},"1":{"name":"(anonymous_1)","decl":{"start":{"line":80,"column":17},"end":{"line":80,"column":18}},"loc":{"start":{"line":80,"column":37},"end":{"line":110,"column":1}},"line":80},"2":{"name":"(anonymous_2)","decl":{"start":{"line":112,"column":20},"end":{"line":112,"column":21}},"loc":{"start":{"line":112,"column":40},"end":{"line":165,"column":1}},"line":112}},"branchMap":{"0":{"loc":{"start":{"line":20,"column":8},"end":{"line":25,"column":9}},"type":"if","locations":[{"start":{"line":20,"column":8},"end":{"line":25,"column":9}},{"start":{},"end":{}}],"line":20},"1":{"loc":{"start":{"line":33,"column":8},"end":{"line":38,"column":9}},"type":"if","locations":[{"start":{"line":33,"column":8},"end":{"line":38,"column":9}},{"start":{},"end":{}}],"line":33},"2":{"loc":{"start":{"line":90,"column":8},"end":{"line":96,"column":9}},"type":"if","locations":[{"start":{"line":90,"column":8},"end":{"line":96,"column":9}},{"start":{},"end":{}}],"line":90},"3":{"loc":{"start":{"line":117,"column":8},"end":{"line":122,"column":9}},"type":"if","locations":[{"start":{"line":117,"column":8},"end":{"line":122,"column":9}},{"start":{},"end":{}}],"line":117},"4":{"loc":{"start":{"line":135,"column":8},"end":{"line":140,"column":9}},"type":"if","locations":[{"start":{"line":135,"column":8},"end":{"line":140,"column":9}},{"start":{},"end":{}}],"line":135}},"s":{"0":1,"1":1,"2":1,"3":1,"4":5,"5":5,"6":5,"7":5,"8":1,"9":4,"10":4,"11":1,"12":3,"13":3,"14":2,"15":1,"16":1,"17":2,"18":2,"19":2,"20":1,"21":1,"22":0,"23":1,"24":3,"25":3,"26":3,"27":1,"28":2,"29":2,"30":1,"31":1,"32":1,"33":0,"34":1},"f":{"0":5,"1":2,"2":3},"b":{"0":[1,4],"1":[1,3],"2":[1,1],"3":[1,2],"4":[1,1]},"_coverageSchema":"1a1c01bbd47fc00a2c39e90264f33305004495a9","hash":"f6854dcd304aeefc738a3ebb2757bad6c16d7aa4"}
,"C:\\binar-academy\\chapter-5\\challenge-5\\lib\\passport.js": {"path":"C:\\binar-academy\\chapter-5\\challenge-5\\lib\\passport.js","statementMap":{"0":{"start":{"line":1,"column":17},"end":{"line":1,"column":36}},"1":{"start":{"line":2,"column":20},"end":{"line":2,"column":52}},"2":{"start":{"line":3,"column":19},"end":{"line":3,"column":53}},"3":{"start":{"line":4,"column":27},"end":{"line":4,"column":38}},"4":{"start":{"line":5,"column":21},"end":{"line":5,"column":51}},"5":{"start":{"line":7,"column":0},"end":{"line":10,"column":14}},"6":{"start":{"line":12,"column":0},"end":{"line":12,"column":26}}},"fnMap":{},"branchMap":{},"s":{"0":1,"1":1,"2":1,"3":1,"4":1,"5":1,"6":1},"f":{},"b":{},"_coverageSchema":"1a1c01bbd47fc00a2c39e90264f33305004495a9","hash":"b4927bb0ebb3e2a64c7c1da8aa706bf134ed601d"}
,"C:\\binar-academy\\chapter-5\\challenge-5\\routes\\accounts.js": {"path":"C:\\binar-academy\\chapter-5\\challenge-5\\routes\\accounts.js","statementMap":{"0":{"start":{"line":1,"column":16},"end":{"line":1,"column":34}},"1":{"start":{"line":6,"column":4},"end":{"line":6,"column":38}},"2":{"start":{"line":8,"column":15},"end":{"line":8,"column":31}},"3":{"start":{"line":14,"column":0},"end":{"line":14,"column":32}},"4":{"start":{"line":15,"column":0},"end":{"line":15,"column":29}},"5":{"start":{"line":16,"column":0},"end":{"line":16,"column":35}},"6":{"start":{"line":18,"column":0},"end":{"line":18,"column":24}}},"fnMap":{},"branchMap":{},"s":{"0":1,"1":1,"2":1,"3":1,"4":1,"5":1,"6":1},"f":{},"b":{},"_coverageSchema":"1a1c01bbd47fc00a2c39e90264f33305004495a9","hash":"a9e488f7e50f61c857f453e09439bd0bf242cc13"}
,"C:\\binar-academy\\chapter-5\\challenge-5\\routes\\auth.js": {"path":"C:\\binar-academy\\chapter-5\\challenge-5\\routes\\auth.js","statementMap":{"0":{"start":{"line":1,"column":16},"end":{"line":1,"column":34}},"1":{"start":{"line":2,"column":15},"end":{"line":2,"column":31}},"2":{"start":{"line":3,"column":28},"end":{"line":3,"column":58}},"3":{"start":{"line":4,"column":17},"end":{"line":4,"column":43}},"4":{"start":{"line":6,"column":0},"end":{"line":6,"column":35}},"5":{"start":{"line":7,"column":0},"end":{"line":7,"column":29}},"6":{"start":{"line":8,"column":0},"end":{"line":16,"column":3}},"7":{"start":{"line":9,"column":4},"end":{"line":15,"column":7}},"8":{"start":{"line":18,"column":0},"end":{"line":18,"column":24}}},"fnMap":{"0":{"name":"(anonymous_0)","decl":{"start":{"line":8,"column":78},"end":{"line":8,"column":79}},"loc":{"start":{"line":8,"column":92},"end":{"line":16,"column":1}},"line":8}},"branchMap":{},"s":{"0":1,"1":1,"2":1,"3":1,"4":1,"5":1,"6":1,"7":1,"8":1},"f":{"0":1},"b":{},"_coverageSchema":"1a1c01bbd47fc00a2c39e90264f33305004495a9","hash":"5df2ea72d103a95d9513b1d74803b96ce52d1d32"}
,"C:\\binar-academy\\chapter-5\\challenge-5\\routes\\index.js": {"path":"C:\\binar-academy\\chapter-5\\challenge-5\\routes\\index.js","statementMap":{"0":{"start":{"line":1,"column":16},"end":{"line":1,"column":34}},"1":{"start":{"line":2,"column":15},"end":{"line":2,"column":31}},"2":{"start":{"line":4,"column":20},"end":{"line":4,"column":38}},"3":{"start":{"line":5,"column":23},"end":{"line":5,"column":44}},"4":{"start":{"line":6,"column":27},"end":{"line":6,"column":52}},"5":{"start":{"line":7,"column":19},"end":{"line":7,"column":36}},"6":{"start":{"line":9,"column":0},"end":{"line":9,"column":41}},"7":{"start":{"line":10,"column":0},"end":{"line":10,"column":47}},"8":{"start":{"line":11,"column":0},"end":{"line":11,"column":55}},"9":{"start":{"line":12,"column":0},"end":{"line":12,"column":39}},"10":{"start":{"line":14,"column":0},"end":{"line":14,"column":24}}},"fnMap":{},"branchMap":{},"s":{"0":1,"1":1,"2":1,"3":1,"4":1,"5":1,"6":1,"7":1,"8":1,"9":1,"10":1},"f":{},"b":{},"_coverageSchema":"1a1c01bbd47fc00a2c39e90264f33305004495a9","hash":"b8b2e4231f138844f9344538a6380c4ce2776f79"}
,"C:\\binar-academy\\chapter-5\\challenge-5\\routes\\transactions.js": {"path":"C:\\binar-academy\\chapter-5\\challenge-5\\routes\\transactions.js","statementMap":{"0":{"start":{"line":1,"column":16},"end":{"line":1,"column":34}},"1":{"start":{"line":6,"column":4},"end":{"line":6,"column":42}},"2":{"start":{"line":8,"column":15},"end":{"line":8,"column":31}},"3":{"start":{"line":14,"column":0},"end":{"line":14,"column":36}},"4":{"start":{"line":15,"column":0},"end":{"line":15,"column":33}},"5":{"start":{"line":16,"column":0},"end":{"line":16,"column":39}},"6":{"start":{"line":18,"column":0},"end":{"line":18,"column":24}}},"fnMap":{},"branchMap":{},"s":{"0":1,"1":1,"2":1,"3":1,"4":1,"5":1,"6":1},"f":{},"b":{},"_coverageSchema":"1a1c01bbd47fc00a2c39e90264f33305004495a9","hash":"783c4ee0bb3301ccd58b4f789a4db38960c496eb"}
,"C:\\binar-academy\\chapter-5\\challenge-5\\routes\\users.js": {"path":"C:\\binar-academy\\chapter-5\\challenge-5\\routes\\users.js","statementMap":{"0":{"start":{"line":1,"column":16},"end":{"line":1,"column":34}},"1":{"start":{"line":6,"column":4},"end":{"line":6,"column":35}},"2":{"start":{"line":8,"column":15},"end":{"line":8,"column":31}},"3":{"start":{"line":14,"column":0},"end":{"line":14,"column":29}},"4":{"start":{"line":15,"column":0},"end":{"line":15,"column":26}},"5":{"start":{"line":16,"column":0},"end":{"line":16,"column":32}},"6":{"start":{"line":18,"column":0},"end":{"line":18,"column":24}}},"fnMap":{},"branchMap":{},"s":{"0":1,"1":1,"2":1,"3":1,"4":1,"5":1,"6":1},"f":{},"b":{},"_coverageSchema":"1a1c01bbd47fc00a2c39e90264f33305004495a9","hash":"c0ed52e6c63a1ff2c9c32851503ac4c53186fe91"}
}
