TN:
SF:server.js
FN:25,(anonymous_0)
FNF:1
FNH:1
FNDA:1,(anonymous_0)
DA:1,1
DA:3,1
DA:4,1
DA:5,1
DA:6,1
DA:7,1
DA:8,1
DA:9,1
DA:10,1
DA:12,1
DA:14,1
DA:15,1
DA:17,1
DA:18,1
DA:21,1
DA:23,1
DA:25,1
DA:26,1
DA:29,1
LF:19
LH:19
BRDA:12,0,0,1
BRF:1
BRH:1
end_of_record
TN:
SF:controllers\accounts.js
FN:4,(anonymous_0)
FN:79,(anonymous_1)
FN:104,(anonymous_2)
FNF:3
FNH:3
FNDA:7,(anonymous_0)
FNDA:2,(anonymous_1)
FNDA:3,(anonymous_2)
DA:1,1
DA:2,1
DA:4,1
DA:5,7
DA:11,7
DA:13,7
DA:14,1
DA:20,6
DA:21,1
DA:27,5
DA:33,5
DA:34,1
DA:40,4
DA:46,4
DA:47,1
DA:53,3
DA:62,2
DA:72,1
DA:79,1
DA:80,2
DA:81,2
DA:82,2
DA:83,1
DA:90,1
DA:97,0
DA:104,1
DA:105,3
DA:106,3
DA:108,3
DA:109,1
DA:115,2
DA:121,2
DA:122,1
DA:128,1
DA:135,0
DA:142,1
LF:36
LH:34
BRDA:13,0,0,1
BRDA:13,0,1,6
BRDA:20,1,0,1
BRDA:20,1,1,5
BRDA:33,2,0,1
BRDA:33,2,1,4
BRDA:46,3,0,1
BRDA:46,3,1,3
BRDA:82,4,0,1
BRDA:82,4,1,1
BRDA:108,5,0,1
BRDA:108,5,1,2
BRDA:121,6,0,1
BRDA:121,6,1,1
BRF:14
BRH:14
end_of_record
TN:
SF:controllers\auth.js
FN:7,(anonymous_0)
FN:82,(anonymous_1)
FN:135,(anonymous_2)
FNF:3
FNH:3
FNDA:4,(anonymous_0)
FNDA:5,(anonymous_1)
FNDA:1,(anonymous_2)
DA:1,1
DA:2,1
DA:3,1
DA:4,1
DA:5,1
DA:7,1
DA:8,4
DA:16,4
DA:18,4
DA:22,4
DA:23,1
DA:29,3
DA:35,3
DA:36,1
DA:42,2
DA:48,2
DA:63,1
DA:75,1
DA:82,1
DA:83,5
DA:84,5
DA:85,5
DA:89,5
DA:90,1
DA:96,4
DA:102,4
DA:103,2
DA:109,1
DA:115,1
DA:117,1
DA:128,1
DA:135,1
DA:136,1
DA:137,1
DA:156,1
DA:157,0
DA:160,1
DA:162,0
DA:166,1
LF:39
LH:37
BRDA:22,0,0,1
BRDA:22,0,1,3
BRDA:35,1,0,1
BRDA:35,1,1,2
BRDA:89,2,0,1
BRDA:89,2,1,4
BRDA:102,3,0,2
BRDA:102,3,1,1
BRDA:102,4,0,4
BRDA:102,4,1,3
BRDA:156,5,0,0
BRDA:156,5,1,1
BRF:12
BRH:11
end_of_record
TN:
SF:controllers\transactions.js
FN:4,(anonymous_0)
FN:109,(anonymous_1)
FN:135,(anonymous_2)
FNF:3
FNH:3
FNDA:8,(anonymous_0)
FNDA:2,(anonymous_1)
FNDA:3,(anonymous_2)
DA:1,1
DA:2,1
DA:4,1
DA:5,8
DA:10,8
DA:12,8
DA:13,1
DA:19,7
DA:20,1
DA:26,6
DA:27,2
DA:33,4
DA:39,4
DA:40,1
DA:46,3
DA:52,3
DA:53,1
DA:59,2
DA:60,1
DA:66,1
DA:75,1
DA:84,1
DA:92,1
DA:102,0
DA:109,1
DA:110,2
DA:111,2
DA:113,2
DA:114,1
DA:121,1
DA:128,0
DA:135,1
DA:136,3
DA:137,3
DA:139,3
DA:140,1
DA:146,2
DA:152,2
DA:153,1
DA:159,1
DA:166,0
DA:173,1
LF:42
LH:39
BRDA:12,0,0,1
BRDA:12,0,1,7
BRDA:19,1,0,1
BRDA:19,1,1,6
BRDA:26,2,0,2
BRDA:26,2,1,4
BRDA:26,3,0,6
BRDA:26,3,1,5
BRDA:39,4,0,1
BRDA:39,4,1,3
BRDA:52,5,0,1
BRDA:52,5,1,2
BRDA:59,6,0,1
BRDA:59,6,1,1
BRDA:113,7,0,1
BRDA:113,7,1,1
BRDA:139,8,0,1
BRDA:139,8,1,2
BRDA:152,9,0,1
BRDA:152,9,1,1
BRF:20
BRH:20
end_of_record
TN:
SF:controllers\users.js
FN:5,(anonymous_0)
FN:80,(anonymous_1)
FN:112,(anonymous_2)
FNF:3
FNH:3
FNDA:5,(anonymous_0)
FNDA:2,(anonymous_1)
FNDA:3,(anonymous_2)
DA:1,1
DA:2,1
DA:3,1
DA:5,1
DA:6,5
DA:14,5
DA:16,5
DA:20,5
DA:21,1
DA:27,4
DA:33,4
DA:34,1
DA:40,3
DA:46,3
DA:61,2
DA:73,1
DA:80,1
DA:81,2
DA:82,2
DA:90,2
DA:91,1
DA:98,1
DA:105,0
DA:112,1
DA:113,3
DA:114,3
DA:117,3
DA:118,1
DA:124,2
DA:135,2
DA:136,1
DA:142,1
DA:153,1
DA:160,0
DA:167,1
LF:35
LH:33
BRDA:20,0,0,1
BRDA:20,0,1,4
BRDA:33,1,0,1
BRDA:33,1,1,3
BRDA:90,2,0,1
BRDA:90,2,1,1
BRDA:117,3,0,1
BRDA:117,3,1,2
BRDA:135,4,0,1
BRDA:135,4,1,1
BRF:10
BRH:10
end_of_record
TN:
SF:lib\passport.js
FNF:0
FNH:0
DA:1,1
DA:2,1
DA:3,1
DA:4,1
DA:5,1
DA:7,1
DA:12,1
LF:7
LH:7
BRF:0
BRH:0
end_of_record
TN:
SF:routes\accounts.js
FNF:0
FNH:0
DA:1,1
DA:6,1
DA:8,1
DA:14,1
DA:15,1
DA:16,1
DA:18,1
LF:7
LH:7
BRF:0
BRH:0
end_of_record
TN:
SF:routes\auth.js
FN:8,(anonymous_0)
FNF:1
FNH:1
FNDA:1,(anonymous_0)
DA:1,1
DA:2,1
DA:3,1
DA:4,1
DA:6,1
DA:7,1
DA:8,1
DA:9,1
DA:18,1
LF:9
LH:9
BRF:0
BRH:0
end_of_record
TN:
SF:routes\index.js
FNF:0
FNH:0
DA:1,1
DA:2,1
DA:4,1
DA:5,1
DA:6,1
DA:7,1
DA:9,1
DA:10,1
DA:11,1
DA:12,1
DA:14,1
LF:11
LH:11
BRF:0
BRH:0
end_of_record
TN:
SF:routes\transactions.js
FNF:0
FNH:0
DA:1,1
DA:6,1
DA:8,1
DA:14,1
DA:15,1
DA:16,1
DA:18,1
LF:7
LH:7
BRF:0
BRH:0
end_of_record
TN:
SF:routes\users.js
FNF:0
FNH:0
DA:1,1
DA:6,1
DA:8,1
DA:14,1
DA:15,1
DA:16,1
DA:18,1
LF:7
LH:7
BRF:0
BRH:0
end_of_record
